<?xml version="1.0" encoding="UTF-8"?>
<!-- Generated by org.testng.reporters.JUnitReportReporter -->
<testsuite hostname="DESKTOP-II6BSLU" failures="0" tests="1" name="vaibhav.saini.Runner" time="29.688" errors="0" timestamp="2023-08-24T11:42:10 IST" skipped="0">
  <testcase classname="vaibhav.saini.Runner" name="runScenario" time="29.688"/>
</testsuite> <!-- vaibhav.saini.Runner -->
